<?xml version="1.0" encoding="UTF-8"?>
<!-- Generated by org.testng.reporters.JUnitReportReporter -->
<testsuite skipped="0" hostname="DESKTOP-881CB56" name="com.api.tests.PUT_API_Call" tests="1" failures="0" timestamp="06 Apr 2021 20:39:51 GMT" time="7.888" errors="0">
  <testcase name="updateUserWithPUTTest" time="7.888" classname="com.api.tests.PUT_API_Call"/>
</testsuite> <!-- com.api.tests.PUT_API_Call -->
