<?xml version="1.0" encoding="UTF-8"?>
<!-- Generated by org.testng.reporters.JUnitReportReporter -->
<testsuite skipped="1" hostname="DESKTOP-881CB56" name="com.api.tests.GetAPI_NoBDD" tests="2" failures="0" timestamp="06 Apr 2021 16:27:01 GMT" time="5.995" errors="0">
  <testcase name="getUserList2APITest" time="5.995" classname="com.api.tests.GetAPI_NoBDD"/>
  <testcase name="getUserListAPITest" classname="com.api.tests.GetAPI_NoBDD">
    <skipped/>
  </testcase> <!-- getUserListAPITest -->
</testsuite> <!-- com.api.tests.GetAPI_NoBDD -->
