<?xml version="1.0" encoding="UTF-8"?>
<!-- Generated by org.testng.reporters.JUnitReportReporter -->
<testsuite skipped="1" hostname="DESKTOP-881CB56" name="com.api.tests.GET_API_NoBDD" tests="2" failures="0" timestamp="30 Jun 2021 07:33:39 GMT" time="5.307" errors="0">
  <testcase name="getUserList2APITest" time="5.307" classname="com.api.tests.GET_API_NoBDD"/>
  <testcase name="getUserListAPITest" classname="com.api.tests.GET_API_NoBDD">
    <skipped/>
  </testcase> <!-- getUserListAPITest -->
</testsuite> <!-- com.api.tests.GET_API_NoBDD -->
