<?xml version="1.0" encoding="UTF-8"?>
<!-- Generated by org.testng.reporters.JUnitReportReporter -->
<testsuite skipped="0" hostname="DESKTOP-881CB56" name="com.api.tests.DELETE_API_Call" tests="1" failures="0" timestamp="05 May 2021 22:56:25 GMT" time="4.899" errors="0">
  <testcase name="deleteUserWithAPITest" time="4.899" classname="com.api.tests.DELETE_API_Call"/>
</testsuite> <!-- com.api.tests.DELETE_API_Call -->
