<?xml version="1.0" encoding="UTF-8"?>
<!-- Generated by org.testng.reporters.JUnitReportReporter -->
<testsuite skipped="2" hostname="DESKTOP-881CB56" name="com.api.tests.GETCallAPI" tests="3" failures="0" timestamp="04 Apr 2021 12:20:55 GMT" time="5.500" errors="0">
  <testcase name="getUserWithOneQueryParameterAPItest" time="5.500" classname="com.api.tests.GETCallAPI"/>
  <testcase name="getUserListAPItest" classname="com.api.tests.GETCallAPI">
    <skipped/>
  </testcase> <!-- getUserListAPItest -->
  <testcase name="getSingleUserAPItest" classname="com.api.tests.GETCallAPI">
    <skipped/>
  </testcase> <!-- getSingleUserAPItest -->
</testsuite> <!-- com.api.tests.GETCallAPI -->
