<?xml version="1.0" encoding="UTF-8"?>
<!-- Generated by org.testng.reporters.JUnitReportReporter -->
<testsuite skipped="0" hostname="DESKTOP-881CB56" name="com.api.tests.POSTCallNoBDD" tests="1" failures="0" timestamp="06 Apr 2021 18:23:49 GMT" time="7.821" errors="0">
  <testcase name="tokenPostAPITest" time="7.821" classname="com.api.tests.POSTCallNoBDD"/>
</testsuite> <!-- com.api.tests.POSTCallNoBDD -->
