<?xml version="1.0" encoding="UTF-8"?>
<!-- Generated by org.testng.reporters.JUnitReportReporter -->
<testsuite skipped="2" hostname="DESKTOP-881CB56" name="com.api.tests.GET_API_Call" tests="3" failures="0" timestamp="30 Jun 2021 07:21:36 GMT" time="6.939" errors="0">
  <testcase name="getUserWithOneQueryParameterAPItest" time="6.939" classname="com.api.tests.GET_API_Call"/>
  <testcase name="getSingleUserAPItest" classname="com.api.tests.GET_API_Call">
    <skipped/>
  </testcase> <!-- getSingleUserAPItest -->
  <testcase name="getUserListAPItest" classname="com.api.tests.GET_API_Call">
    <skipped/>
  </testcase> <!-- getUserListAPItest -->
</testsuite> <!-- com.api.tests.GET_API_Call -->
